C:\USERS\TWOLVERT\DESKTOP\CS-334\TRUNK\ASGN-2\DEBUG\ASGN-2.EXE
C:\USERS\TWOLVERT\DESKTOP\CS-334\TRUNK\ASGN-2\DEBUG\ASGN-2.EXE.INTERMEDIATE.MANIFEST
C:\Users\twolvert\Desktop\CS-334\trunk\asgn-2\Debug\asgn-2.exp
C:\Users\twolvert\Desktop\CS-334\trunk\asgn-2\Debug\asgn-2.lib
C:\USERS\TWOLVERT\DESKTOP\CS-334\TRUNK\ASGN-2\DEBUG\ASGN-2.PDB
C:\Users\twolvert\Desktop\CS-334\trunk\asgn-2\Debug\asgn-2.write.1.tlog
C:\Users\twolvert\Desktop\CS-334\trunk\asgn-2\Debug\cl.command.1.tlog
C:\Users\twolvert\Desktop\CS-334\trunk\asgn-2\Debug\CL.read.1.tlog
C:\Users\twolvert\Desktop\CS-334\trunk\asgn-2\Debug\CL.write.1.tlog
C:\Users\twolvert\Desktop\CS-334\trunk\asgn-2\Debug\link.command.1.tlog
C:\Users\twolvert\Desktop\CS-334\trunk\asgn-2\Debug\link.read.1.tlog
C:\Users\twolvert\Desktop\CS-334\trunk\asgn-2\Debug\link.write.1.tlog
C:\Users\twolvert\Desktop\CS-334\trunk\asgn-2\Debug\link-cvtres.read.1.tlog
C:\Users\twolvert\Desktop\CS-334\trunk\asgn-2\Debug\link-cvtres.write.1.tlog
C:\USERS\TWOLVERT\DESKTOP\CS-334\TRUNK\ASGN-2\DEBUG\MAIN.OBJ
C:\Users\twolvert\Desktop\CS-334\trunk\asgn-2\Debug\mt.command.1.tlog
C:\Users\twolvert\Desktop\CS-334\trunk\asgn-2\Debug\mt.read.1.tlog
C:\Users\twolvert\Desktop\CS-334\trunk\asgn-2\Debug\mt.write.1.tlog
C:\Users\twolvert\Desktop\CS-334\trunk\asgn-2\Debug\rc.command.1.tlog
C:\Users\twolvert\Desktop\CS-334\trunk\asgn-2\Debug\rc.read.1.tlog
C:\Users\twolvert\Desktop\CS-334\trunk\asgn-2\Debug\rc.write.1.tlog
C:\USERS\TWOLVERT\DESKTOP\CS-334\TRUNK\ASGN-2\DEBUG\RESOURCES.RES
C:\Users\twolvert\Desktop\CS-334\trunk\asgn-2\Debug\vc100.idb
C:\USERS\TWOLVERT\DESKTOP\CS-334\TRUNK\ASGN-2\DEBUG\VC100.PDB
