Build started 9/18/2013 5:33:04 PM.
     1>Project "C:\Users\twolvert\Desktop\CS-334\trunk\asgn-2\main.vcxproj" on node 2 (build target(s)).
     1>InitializeBuildStatus:
         Creating "Debug\asgn-2.unsuccessfulbuild" because "AlwaysCreate" was specified.
       ClCompile:
         c:\Program Files (x86)\Microsoft Visual Studio 10.0\VC\bin\CL.exe /c /Zi /nologo /W3 /WX- /MP /Od /Oy- /D G3D_STATIC_LINK_FFMPEG /D WIN32 /D _DEBUG /D _WINDOWS /D _UNICODE /D UNICODE /Gm /EHsc /RTC1 /MDd /GS /fp:precise /Zc:wchar_t /Zc:forScope /Fo"Debug\\" /Fd"Debug\vc100.pdb" /Gd /TP /analyze- /errorReport:prompt main.cpp
         main.cpp
       ResourceCompile:
         All outputs are up-to-date.
       Link:
         c:\Program Files (x86)\Microsoft Visual Studio 10.0\VC\bin\link.exe /ERRORREPORT:PROMPT /OUT:"C:\Users\twolvert\Desktop\CS-334\trunk\asgn-2\Debug\asgn-2.exe" /INCREMENTAL:NO /NOLOGO kernel32.lib user32.lib gdi32.lib winspool.lib comdlg32.lib advapi32.lib shell32.lib ole32.lib oleaut32.lib uuid.lib odbc32.lib odbccp32.lib /MANIFEST /ManifestFile:"Debug\asgn-2.exe.intermediate.manifest" /MANIFESTUAC:"level='asInvoker' uiAccess='false'" /DEBUG /PDB:"C:\Users\twolvert\Desktop\CS-334\trunk\asgn-2\Debug\asgn-2.pdb" /SUBSYSTEM:WINDOWS /TLBID:1 /DYNAMICBASE:NO /NXCOMPAT /IMPLIB:"C:\Users\twolvert\Desktop\CS-334\trunk\asgn-2\Debug\asgn-2.lib" /MACHINE:X86 Debug\resources.res
         Debug\main.obj
            Creating library C:\Users\twolvert\Desktop\CS-334\trunk\asgn-2\Debug\asgn-2.lib and object C:\Users\twolvert\Desktop\CS-334\trunk\asgn-2\Debug\asgn-2.exp
     1>zlib.lib(adler32.obj) : warning LNK4099: PDB 'vcwindows7.1sdk.pdb' was not found with 'zlib.lib(adler32.obj)' or at 'C:\Users\twolvert\Desktop\CS-334\trunk\asgn-2\Debug\vcwindows7.1sdk.pdb'; linking object as if no debug info
     1>zlib.lib(compress.obj) : warning LNK4099: PDB 'vcwindows7.1sdk.pdb' was not found with 'zlib.lib(compress.obj)' or at 'C:\Users\twolvert\Desktop\CS-334\trunk\asgn-2\Debug\vcwindows7.1sdk.pdb'; linking object as if no debug info
     1>zlib.lib(deflate.obj) : warning LNK4099: PDB 'vcwindows7.1sdk.pdb' was not found with 'zlib.lib(deflate.obj)' or at 'C:\Users\twolvert\Desktop\CS-334\trunk\asgn-2\Debug\vcwindows7.1sdk.pdb'; linking object as if no debug info
     1>zlib.lib(inffast.obj) : warning LNK4099: PDB 'vcwindows7.1sdk.pdb' was not found with 'zlib.lib(inffast.obj)' or at 'C:\Users\twolvert\Desktop\CS-334\trunk\asgn-2\Debug\vcwindows7.1sdk.pdb'; linking object as if no debug info
     1>zlib.lib(inflate.obj) : warning LNK4099: PDB 'vcwindows7.1sdk.pdb' was not found with 'zlib.lib(inflate.obj)' or at 'C:\Users\twolvert\Desktop\CS-334\trunk\asgn-2\Debug\vcwindows7.1sdk.pdb'; linking object as if no debug info
     1>zlib.lib(inftrees.obj) : warning LNK4099: PDB 'vcwindows7.1sdk.pdb' was not found with 'zlib.lib(inftrees.obj)' or at 'C:\Users\twolvert\Desktop\CS-334\trunk\asgn-2\Debug\vcwindows7.1sdk.pdb'; linking object as if no debug info
     1>zlib.lib(trees.obj) : warning LNK4099: PDB 'vcwindows7.1sdk.pdb' was not found with 'zlib.lib(trees.obj)' or at 'C:\Users\twolvert\Desktop\CS-334\trunk\asgn-2\Debug\vcwindows7.1sdk.pdb'; linking object as if no debug info
     1>zlib.lib(uncompr.obj) : warning LNK4099: PDB 'vcwindows7.1sdk.pdb' was not found with 'zlib.lib(uncompr.obj)' or at 'C:\Users\twolvert\Desktop\CS-334\trunk\asgn-2\Debug\vcwindows7.1sdk.pdb'; linking object as if no debug info
     1>zlib.lib(zutil.obj) : warning LNK4099: PDB 'vcwindows7.1sdk.pdb' was not found with 'zlib.lib(zutil.obj)' or at 'C:\Users\twolvert\Desktop\CS-334\trunk\asgn-2\Debug\vcwindows7.1sdk.pdb'; linking object as if no debug info
     1>zip.lib(mkstemp.obj) : warning LNK4099: PDB 'vcwindows7.1sdk.pdb' was not found with 'zip.lib(mkstemp.obj)' or at 'C:\Users\twolvert\Desktop\CS-334\trunk\asgn-2\Debug\vcwindows7.1sdk.pdb'; linking object as if no debug info
     1>zip.lib(zip_close.obj) : warning LNK4099: PDB 'vcwindows7.1sdk.pdb' was not found with 'zip.lib(zip_close.obj)' or at 'C:\Users\twolvert\Desktop\CS-334\trunk\asgn-2\Debug\vcwindows7.1sdk.pdb'; linking object as if no debug info
     1>zip.lib(zip_dirent.obj) : warning LNK4099: PDB 'vcwindows7.1sdk.pdb' was not found with 'zip.lib(zip_dirent.obj)' or at 'C:\Users\twolvert\Desktop\CS-334\trunk\asgn-2\Debug\vcwindows7.1sdk.pdb'; linking object as if no debug info
     1>zip.lib(zip_entry_free.obj) : warning LNK4099: PDB 'vcwindows7.1sdk.pdb' was not found with 'zip.lib(zip_entry_free.obj)' or at 'C:\Users\twolvert\Desktop\CS-334\trunk\asgn-2\Debug\vcwindows7.1sdk.pdb'; linking object as if no debug info
     1>zip.lib(zip_entry_new.obj) : warning LNK4099: PDB 'vcwindows7.1sdk.pdb' was not found with 'zip.lib(zip_entry_new.obj)' or at 'C:\Users\twolvert\Desktop\CS-334\trunk\asgn-2\Debug\vcwindows7.1sdk.pdb'; linking object as if no debug info
     1>zip.lib(zip_error.obj) : warning LNK4099: PDB 'vcwindows7.1sdk.pdb' was not found with 'zip.lib(zip_error.obj)' or at 'C:\Users\twolvert\Desktop\CS-334\trunk\asgn-2\Debug\vcwindows7.1sdk.pdb'; linking object as if no debug info
     1>zip.lib(zip_error_get_sys_type.obj) : warning LNK4099: PDB 'vcwindows7.1sdk.pdb' was not found with 'zip.lib(zip_error_get_sys_type.obj)' or at 'C:\Users\twolvert\Desktop\CS-334\trunk\asgn-2\Debug\vcwindows7.1sdk.pdb'; linking object as if no debug info
     1>zip.lib(zip_err_str.obj) : warning LNK4099: PDB 'vcwindows7.1sdk.pdb' was not found with 'zip.lib(zip_err_str.obj)' or at 'C:\Users\twolvert\Desktop\CS-334\trunk\asgn-2\Debug\vcwindows7.1sdk.pdb'; linking object as if no debug info
     1>zip.lib(zip_fclose.obj) : warning LNK4099: PDB 'vcwindows7.1sdk.pdb' was not found with 'zip.lib(zip_fclose.obj)' or at 'C:\Users\twolvert\Desktop\CS-334\trunk\asgn-2\Debug\vcwindows7.1sdk.pdb'; linking object as if no debug info
     1>zip.lib(zip_filerange_crc.obj) : warning LNK4099: PDB 'vcwindows7.1sdk.pdb' was not found with 'zip.lib(zip_filerange_crc.obj)' or at 'C:\Users\twolvert\Desktop\CS-334\trunk\asgn-2\Debug\vcwindows7.1sdk.pdb'; linking object as if no debug info
     1>zip.lib(zip_file_error_get.obj) : warning LNK4099: PDB 'vcwindows7.1sdk.pdb' was not found with 'zip.lib(zip_file_error_get.obj)' or at 'C:\Users\twolvert\Desktop\CS-334\trunk\asgn-2\Debug\vcwindows7.1sdk.pdb'; linking object as if no debug info
     1>zip.lib(zip_file_get_offset.obj) : warning LNK4099: PDB 'vcwindows7.1sdk.pdb' was not found with 'zip.lib(zip_file_get_offset.obj)' or at 'C:\Users\twolvert\Desktop\CS-334\trunk\asgn-2\Debug\vcwindows7.1sdk.pdb'; linking object as if no debug info
     1>zip.lib(zip_fopen.obj) : warning LNK4099: PDB 'vcwindows7.1sdk.pdb' was not found with 'zip.lib(zip_fopen.obj)' or at 'C:\Users\twolvert\Desktop\CS-334\trunk\asgn-2\Debug\vcwindows7.1sdk.pdb'; linking object as if no debug info
     1>zip.lib(zip_fopen_index.obj) : warning LNK4099: PDB 'vcwindows7.1sdk.pdb' was not found with 'zip.lib(zip_fopen_index.obj)' or at 'C:\Users\twolvert\Desktop\CS-334\trunk\asgn-2\Debug\vcwindows7.1sdk.pdb'; linking object as if no debug info
     1>zip.lib(zip_fopen_index_encrypted.obj) : warning LNK4099: PDB 'vcwindows7.1sdk.pdb' was not found with 'zip.lib(zip_fopen_index_encrypted.obj)' or at 'C:\Users\twolvert\Desktop\CS-334\trunk\asgn-2\Debug\vcwindows7.1sdk.pdb'; linking object as if no debug info
     1>zip.lib(zip_fread.obj) : warning LNK4099: PDB 'vcwindows7.1sdk.pdb' was not found with 'zip.lib(zip_fread.obj)' or at 'C:\Users\twolvert\Desktop\CS-334\trunk\asgn-2\Debug\vcwindows7.1sdk.pdb'; linking object as if no debug info
     1>zip.lib(zip_free.obj) : warning LNK4099: PDB 'vcwindows7.1sdk.pdb' was not found with 'zip.lib(zip_free.obj)' or at 'C:\Users\twolvert\Desktop\CS-334\trunk\asgn-2\Debug\vcwindows7.1sdk.pdb'; linking object as if no debug info
     1>zip.lib(zip_get_archive_flag.obj) : warning LNK4099: PDB 'vcwindows7.1sdk.pdb' was not found with 'zip.lib(zip_get_archive_flag.obj)' or at 'C:\Users\twolvert\Desktop\CS-334\trunk\asgn-2\Debug\vcwindows7.1sdk.pdb'; linking object as if no debug info
     1>zip.lib(zip_get_compression_implementation.obj) : warning LNK4099: PDB 'vcwindows7.1sdk.pdb' was not found with 'zip.lib(zip_get_compression_implementation.obj)' or at 'C:\Users\twolvert\Desktop\CS-334\trunk\asgn-2\Debug\vcwindows7.1sdk.pdb'; linking object as if no debug info
     1>zip.lib(zip_get_encryption_implementation.obj) : warning LNK4099: PDB 'vcwindows7.1sdk.pdb' was not found with 'zip.lib(zip_get_encryption_implementation.obj)' or at 'C:\Users\twolvert\Desktop\CS-334\trunk\asgn-2\Debug\vcwindows7.1sdk.pdb'; linking object as if no debug info
     1>zip.lib(zip_get_name.obj) : warning LNK4099: PDB 'vcwindows7.1sdk.pdb' was not found with 'zip.lib(zip_get_name.obj)' or at 'C:\Users\twolvert\Desktop\CS-334\trunk\asgn-2\Debug\vcwindows7.1sdk.pdb'; linking object as if no debug info
     1>zip.lib(zip_get_num_files.obj) : warning LNK4099: PDB 'vcwindows7.1sdk.pdb' was not found with 'zip.lib(zip_get_num_files.obj)' or at 'C:\Users\twolvert\Desktop\CS-334\trunk\asgn-2\Debug\vcwindows7.1sdk.pdb'; linking object as if no debug info
     1>zip.lib(zip_memdup.obj) : warning LNK4099: PDB 'vcwindows7.1sdk.pdb' was not found with 'zip.lib(zip_memdup.obj)' or at 'C:\Users\twolvert\Desktop\CS-334\trunk\asgn-2\Debug\vcwindows7.1sdk.pdb'; linking object as if no debug info
     1>zip.lib(zip_name_locate.obj) : warning LNK4099: PDB 'vcwindows7.1sdk.pdb' was not found with 'zip.lib(zip_name_locate.obj)' or at 'C:\Users\twolvert\Desktop\CS-334\trunk\asgn-2\Debug\vcwindows7.1sdk.pdb'; linking object as if no debug info
     1>zip.lib(zip_new.obj) : warning LNK4099: PDB 'vcwindows7.1sdk.pdb' was not found with 'zip.lib(zip_new.obj)' or at 'C:\Users\twolvert\Desktop\CS-334\trunk\asgn-2\Debug\vcwindows7.1sdk.pdb'; linking object as if no debug info
     1>zip.lib(zip_open.obj) : warning LNK4099: PDB 'vcwindows7.1sdk.pdb' was not found with 'zip.lib(zip_open.obj)' or at 'C:\Users\twolvert\Desktop\CS-334\trunk\asgn-2\Debug\vcwindows7.1sdk.pdb'; linking object as if no debug info
     1>zip.lib(zip_source_buffer.obj) : warning LNK4099: PDB 'vcwindows7.1sdk.pdb' was not found with 'zip.lib(zip_source_buffer.obj)' or at 'C:\Users\twolvert\Desktop\CS-334\trunk\asgn-2\Debug\vcwindows7.1sdk.pdb'; linking object as if no debug info
     1>zip.lib(zip_source_close.obj) : warning LNK4099: PDB 'vcwindows7.1sdk.pdb' was not found with 'zip.lib(zip_source_close.obj)' or at 'C:\Users\twolvert\Desktop\CS-334\trunk\asgn-2\Debug\vcwindows7.1sdk.pdb'; linking object as if no debug info
     1>zip.lib(zip_source_crc.obj) : warning LNK4099: PDB 'vcwindows7.1sdk.pdb' was not found with 'zip.lib(zip_source_crc.obj)' or at 'C:\Users\twolvert\Desktop\CS-334\trunk\asgn-2\Debug\vcwindows7.1sdk.pdb'; linking object as if no debug info
     1>zip.lib(zip_source_deflate.obj) : warning LNK4099: PDB 'vcwindows7.1sdk.pdb' was not found with 'zip.lib(zip_source_deflate.obj)' or at 'C:\Users\twolvert\Desktop\CS-334\trunk\asgn-2\Debug\vcwindows7.1sdk.pdb'; linking object as if no debug info
     1>zip.lib(zip_source_error.obj) : warning LNK4099: PDB 'vcwindows7.1sdk.pdb' was not found with 'zip.lib(zip_source_error.obj)' or at 'C:\Users\twolvert\Desktop\CS-334\trunk\asgn-2\Debug\vcwindows7.1sdk.pdb'; linking object as if no debug info
     1>zip.lib(zip_source_filep.obj) : warning LNK4099: PDB 'vcwindows7.1sdk.pdb' was not found with 'zip.lib(zip_source_filep.obj)' or at 'C:\Users\twolvert\Desktop\CS-334\trunk\asgn-2\Debug\vcwindows7.1sdk.pdb'; linking object as if no debug info
     1>zip.lib(zip_source_free.obj) : warning LNK4099: PDB 'vcwindows7.1sdk.pdb' was not found with 'zip.lib(zip_source_free.obj)' or at 'C:\Users\twolvert\Desktop\CS-334\trunk\asgn-2\Debug\vcwindows7.1sdk.pdb'; linking object as if no debug info
     1>zip.lib(zip_source_function.obj) : warning LNK4099: PDB 'vcwindows7.1sdk.pdb' was not found with 'zip.lib(zip_source_function.obj)' or at 'C:\Users\twolvert\Desktop\CS-334\trunk\asgn-2\Debug\vcwindows7.1sdk.pdb'; linking object as if no debug info
     1>zip.lib(zip_source_layered.obj) : warning LNK4099: PDB 'vcwindows7.1sdk.pdb' was not found with 'zip.lib(zip_source_layered.obj)' or at 'C:\Users\twolvert\Desktop\CS-334\trunk\asgn-2\Debug\vcwindows7.1sdk.pdb'; linking object as if no debug info
     1>zip.lib(zip_source_open.obj) : warning LNK4099: PDB 'vcwindows7.1sdk.pdb' was not found with 'zip.lib(zip_source_open.obj)' or at 'C:\Users\twolvert\Desktop\CS-334\trunk\asgn-2\Debug\vcwindows7.1sdk.pdb'; linking object as if no debug info
     1>zip.lib(zip_source_pkware.obj) : warning LNK4099: PDB 'vcwindows7.1sdk.pdb' was not found with 'zip.lib(zip_source_pkware.obj)' or at 'C:\Users\twolvert\Desktop\CS-334\trunk\asgn-2\Debug\vcwindows7.1sdk.pdb'; linking object as if no debug info
     1>zip.lib(zip_source_pop.obj) : warning LNK4099: PDB 'vcwindows7.1sdk.pdb' was not found with 'zip.lib(zip_source_pop.obj)' or at 'C:\Users\twolvert\Desktop\CS-334\trunk\asgn-2\Debug\vcwindows7.1sdk.pdb'; linking object as if no debug info
     1>zip.lib(zip_source_read.obj) : warning LNK4099: PDB 'vcwindows7.1sdk.pdb' was not found with 'zip.lib(zip_source_read.obj)' or at 'C:\Users\twolvert\Desktop\CS-334\trunk\asgn-2\Debug\vcwindows7.1sdk.pdb'; linking object as if no debug info
     1>zip.lib(zip_source_stat.obj) : warning LNK4099: PDB 'vcwindows7.1sdk.pdb' was not found with 'zip.lib(zip_source_stat.obj)' or at 'C:\Users\twolvert\Desktop\CS-334\trunk\asgn-2\Debug\vcwindows7.1sdk.pdb'; linking object as if no debug info
     1>zip.lib(zip_source_zip.obj) : warning LNK4099: PDB 'vcwindows7.1sdk.pdb' was not found with 'zip.lib(zip_source_zip.obj)' or at 'C:\Users\twolvert\Desktop\CS-334\trunk\asgn-2\Debug\vcwindows7.1sdk.pdb'; linking object as if no debug info
     1>zip.lib(zip_stat.obj) : warning LNK4099: PDB 'vcwindows7.1sdk.pdb' was not found with 'zip.lib(zip_stat.obj)' or at 'C:\Users\twolvert\Desktop\CS-334\trunk\asgn-2\Debug\vcwindows7.1sdk.pdb'; linking object as if no debug info
     1>zip.lib(zip_stat_index.obj) : warning LNK4099: PDB 'vcwindows7.1sdk.pdb' was not found with 'zip.lib(zip_stat_index.obj)' or at 'C:\Users\twolvert\Desktop\CS-334\trunk\asgn-2\Debug\vcwindows7.1sdk.pdb'; linking object as if no debug info
     1>zip.lib(zip_stat_init.obj) : warning LNK4099: PDB 'vcwindows7.1sdk.pdb' was not found with 'zip.lib(zip_stat_init.obj)' or at 'C:\Users\twolvert\Desktop\CS-334\trunk\asgn-2\Debug\vcwindows7.1sdk.pdb'; linking object as if no debug info
     1>zip.lib(zip_unchange_data.obj) : warning LNK4099: PDB 'vcwindows7.1sdk.pdb' was not found with 'zip.lib(zip_unchange_data.obj)' or at 'C:\Users\twolvert\Desktop\CS-334\trunk\asgn-2\Debug\vcwindows7.1sdk.pdb'; linking object as if no debug info
     1>enet.lib(callbacks.obj) : warning LNK4099: PDB 'vcwindows7.1sdk.pdb' was not found with 'enet.lib(callbacks.obj)' or at 'C:\Users\twolvert\Desktop\CS-334\trunk\asgn-2\Debug\vcwindows7.1sdk.pdb'; linking object as if no debug info
     1>enet.lib(host.obj) : warning LNK4099: PDB 'vcwindows7.1sdk.pdb' was not found with 'enet.lib(host.obj)' or at 'C:\Users\twolvert\Desktop\CS-334\trunk\asgn-2\Debug\vcwindows7.1sdk.pdb'; linking object as if no debug info
     1>enet.lib(list.obj) : warning LNK4099: PDB 'vcwindows7.1sdk.pdb' was not found with 'enet.lib(list.obj)' or at 'C:\Users\twolvert\Desktop\CS-334\trunk\asgn-2\Debug\vcwindows7.1sdk.pdb'; linking object as if no debug info
     1>enet.lib(packet.obj) : warning LNK4099: PDB 'vcwindows7.1sdk.pdb' was not found with 'enet.lib(packet.obj)' or at 'C:\Users\twolvert\Desktop\CS-334\trunk\asgn-2\Debug\vcwindows7.1sdk.pdb'; linking object as if no debug info
     1>enet.lib(peer.obj) : warning LNK4099: PDB 'vcwindows7.1sdk.pdb' was not found with 'enet.lib(peer.obj)' or at 'C:\Users\twolvert\Desktop\CS-334\trunk\asgn-2\Debug\vcwindows7.1sdk.pdb'; linking object as if no debug info
     1>enet.lib(protocol.obj) : warning LNK4099: PDB 'vcwindows7.1sdk.pdb' was not found with 'enet.lib(protocol.obj)' or at 'C:\Users\twolvert\Desktop\CS-334\trunk\asgn-2\Debug\vcwindows7.1sdk.pdb'; linking object as if no debug info
     1>enet.lib(win32.obj) : warning LNK4099: PDB 'vcwindows7.1sdk.pdb' was not found with 'enet.lib(win32.obj)' or at 'C:\Users\twolvert\Desktop\CS-334\trunk\asgn-2\Debug\vcwindows7.1sdk.pdb'; linking object as if no debug info
     1>glfw.lib(clipboard.obj) : warning LNK4099: PDB 'vcwindows7.1sdk.pdb' was not found with 'glfw.lib(clipboard.obj)' or at 'C:\Users\twolvert\Desktop\CS-334\trunk\asgn-2\Debug\vcwindows7.1sdk.pdb'; linking object as if no debug info
     1>glfw.lib(context.obj) : warning LNK4099: PDB 'vcwindows7.1sdk.pdb' was not found with 'glfw.lib(context.obj)' or at 'C:\Users\twolvert\Desktop\CS-334\trunk\asgn-2\Debug\vcwindows7.1sdk.pdb'; linking object as if no debug info
     1>glfw.lib(gamma.obj) : warning LNK4099: PDB 'vcwindows7.1sdk.pdb' was not found with 'glfw.lib(gamma.obj)' or at 'C:\Users\twolvert\Desktop\CS-334\trunk\asgn-2\Debug\vcwindows7.1sdk.pdb'; linking object as if no debug info
     1>glfw.lib(init.obj) : warning LNK4099: PDB 'vcwindows7.1sdk.pdb' was not found with 'glfw.lib(init.obj)' or at 'C:\Users\twolvert\Desktop\CS-334\trunk\asgn-2\Debug\vcwindows7.1sdk.pdb'; linking object as if no debug info
     1>glfw.lib(input.obj) : warning LNK4099: PDB 'vcwindows7.1sdk.pdb' was not found with 'glfw.lib(input.obj)' or at 'C:\Users\twolvert\Desktop\CS-334\trunk\asgn-2\Debug\vcwindows7.1sdk.pdb'; linking object as if no debug info
     1>glfw.lib(joystick.obj) : warning LNK4099: PDB 'vcwindows7.1sdk.pdb' was not found with 'glfw.lib(joystick.obj)' or at 'C:\Users\twolvert\Desktop\CS-334\trunk\asgn-2\Debug\vcwindows7.1sdk.pdb'; linking object as if no debug info
     1>glfw.lib(monitor.obj) : warning LNK4099: PDB 'vcwindows7.1sdk.pdb' was not found with 'glfw.lib(monitor.obj)' or at 'C:\Users\twolvert\Desktop\CS-334\trunk\asgn-2\Debug\vcwindows7.1sdk.pdb'; linking object as if no debug info
     1>glfw.lib(wgl_context.obj) : warning LNK4099: PDB 'vcwindows7.1sdk.pdb' was not found with 'glfw.lib(wgl_context.obj)' or at 'C:\Users\twolvert\Desktop\CS-334\trunk\asgn-2\Debug\vcwindows7.1sdk.pdb'; linking object as if no debug info
     1>glfw.lib(win32_clipboard.obj) : warning LNK4099: PDB 'vcwindows7.1sdk.pdb' was not found with 'glfw.lib(win32_clipboard.obj)' or at 'C:\Users\twolvert\Desktop\CS-334\trunk\asgn-2\Debug\vcwindows7.1sdk.pdb'; linking object as if no debug info
     1>glfw.lib(win32_gamma.obj) : warning LNK4099: PDB 'vcwindows7.1sdk.pdb' was not found with 'glfw.lib(win32_gamma.obj)' or at 'C:\Users\twolvert\Desktop\CS-334\trunk\asgn-2\Debug\vcwindows7.1sdk.pdb'; linking object as if no debug info
     1>glfw.lib(win32_init.obj) : warning LNK4099: PDB 'vcwindows7.1sdk.pdb' was not found with 'glfw.lib(win32_init.obj)' or at 'C:\Users\twolvert\Desktop\CS-334\trunk\asgn-2\Debug\vcwindows7.1sdk.pdb'; linking object as if no debug info
     1>glfw.lib(win32_joystick.obj) : warning LNK4099: PDB 'vcwindows7.1sdk.pdb' was not found with 'glfw.lib(win32_joystick.obj)' or at 'C:\Users\twolvert\Desktop\CS-334\trunk\asgn-2\Debug\vcwindows7.1sdk.pdb'; linking object as if no debug info
     1>glfw.lib(win32_monitor.obj) : warning LNK4099: PDB 'vcwindows7.1sdk.pdb' was not found with 'glfw.lib(win32_monitor.obj)' or at 'C:\Users\twolvert\Desktop\CS-334\trunk\asgn-2\Debug\vcwindows7.1sdk.pdb'; linking object as if no debug info
     1>glfw.lib(win32_time.obj) : warning LNK4099: PDB 'vcwindows7.1sdk.pdb' was not found with 'glfw.lib(win32_time.obj)' or at 'C:\Users\twolvert\Desktop\CS-334\trunk\asgn-2\Debug\vcwindows7.1sdk.pdb'; linking object as if no debug info
     1>glfw.lib(win32_window.obj) : warning LNK4099: PDB 'vcwindows7.1sdk.pdb' was not found with 'glfw.lib(win32_window.obj)' or at 'C:\Users\twolvert\Desktop\CS-334\trunk\asgn-2\Debug\vcwindows7.1sdk.pdb'; linking object as if no debug info
     1>glfw.lib(window.obj) : warning LNK4099: PDB 'vcwindows7.1sdk.pdb' was not found with 'glfw.lib(window.obj)' or at 'C:\Users\twolvert\Desktop\CS-334\trunk\asgn-2\Debug\vcwindows7.1sdk.pdb'; linking object as if no debug info
         main.vcxproj -> C:\Users\twolvert\Desktop\CS-334\trunk\asgn-2\Debug\asgn-2.exe
       Manifest:
         C:\Program Files (x86)\Microsoft SDKs\Windows\v7.0A\bin\mt.exe /nologo /verbose /outputresource:"C:\Users\twolvert\Desktop\CS-334\trunk\asgn-2\Debug\asgn-2.exe;#1" /manifest "Debug\asgn-2.exe.intermediate.manifest"
       FinalizeBuildStatus:
         Deleting file "Debug\asgn-2.unsuccessfulbuild".
         Touching "Debug\asgn-2.lastbuildstate".
     1>Done Building Project "C:\Users\twolvert\Desktop\CS-334\trunk\asgn-2\main.vcxproj" (build target(s)).

Build succeeded.

Time Elapsed 00:00:04.38
