C:\USERS\RICKY\DOCUMENTS\VISUAL STUDIO 2010\PROJECTS\NEWFOREST\NEWFOREST\RELEASE\APP.OBJ
C:\USERS\RICKY\DOCUMENTS\VISUAL STUDIO 2010\PROJECTS\NEWFOREST\NEWFOREST\RELEASE\NEWFOREST.EXE.INTERMEDIATE.MANIFEST
C:\USERS\RICKY\DOCUMENTS\VISUAL STUDIO 2010\PROJECTS\NEWFOREST\NEWFOREST\RELEASE\PHYSICSSCENE.OBJ
C:\USERS\RICKY\DOCUMENTS\VISUAL STUDIO 2010\PROJECTS\NEWFOREST\NEWFOREST\RELEASE\PLAYERENTITY.OBJ
C:\USERS\RICKY\DOCUMENTS\VISUAL STUDIO 2010\PROJECTS\NEWFOREST\NEWFOREST\RELEASE\VC100.PDB
C:\USERS\RICKY\DOCUMENTS\VISUAL STUDIO 2010\PROJECTS\NEWFOREST\RELEASE\NEWFOREST.EXE
C:\Users\Ricky\Documents\Visual Studio 2010\Projects\newForest\Release\newForest.exp
C:\Users\Ricky\Documents\Visual Studio 2010\Projects\newForest\Release\newForest.lib
C:\USERS\RICKY\DOCUMENTS\VISUAL STUDIO 2010\PROJECTS\NEWFOREST\RELEASE\NEWFOREST.PDB
C:\USERS\RICKY\DROPBOX\FORESTS\NEW FOREST RENDERER\NEWFOREST\NEWFOREST\RELEASE\NEWFOREST.EXE.INTERMEDIATE.MANIFEST
C:\USERS\RICKY\DROPBOX\FORESTS\NEW FOREST RENDERER\NEWFOREST\RELEASE\NEWFOREST.EXE
C:\Users\Ricky\Dropbox\Forests\new forest renderer\newForest\Release\newForest.exp
C:\Users\Ricky\Dropbox\Forests\new forest renderer\newForest\Release\newForest.lib
C:\USERS\RICKY\DROPBOX\FORESTS\NEW FOREST RENDERER\NEWFOREST\RELEASE\NEWFOREST.PDB
H:\CS334\TRUNK\FOREST GENERATION\NEWFOREST\NEWFOREST\RELEASE\APP.OBJ
H:\CS334\trunk\Forest Generation\newforest\newForest\Release\cl.command.1.tlog
H:\CS334\trunk\Forest Generation\newforest\newForest\Release\CL.read.1.tlog
H:\CS334\trunk\Forest Generation\newforest\newForest\Release\CL.write.1.tlog
H:\CS334\trunk\Forest Generation\newforest\newForest\Release\link.command.1.tlog
H:\CS334\trunk\Forest Generation\newforest\newForest\Release\link.read.1.tlog
H:\CS334\trunk\Forest Generation\newforest\newForest\Release\link.write.1.tlog
H:\CS334\trunk\Forest Generation\newforest\newForest\Release\mt.command.1.tlog
H:\CS334\trunk\Forest Generation\newforest\newForest\Release\mt.read.1.tlog
H:\CS334\trunk\Forest Generation\newforest\newForest\Release\mt.write.1.tlog
H:\CS334\TRUNK\FOREST GENERATION\NEWFOREST\NEWFOREST\RELEASE\NEWFOREST.EXE.INTERMEDIATE.MANIFEST
H:\CS334\trunk\Forest Generation\newforest\newForest\Release\newForest.vcxprojResolveAssemblyReference.cache
H:\CS334\trunk\Forest Generation\newforest\newForest\Release\newForest.write.1.tlog
H:\CS334\trunk\Forest Generation\newforest\newForest\Release\PhysicsScene.obj
H:\CS334\trunk\Forest Generation\newforest\newForest\Release\PlayerEntity.obj
H:\CS334\TRUNK\FOREST GENERATION\NEWFOREST\NEWFOREST\RELEASE\VC100.PDB
H:\CS334\TRUNK\FOREST GENERATION\NEWFOREST\RELEASE\NEWFOREST.EXE
H:\CS334\trunk\Forest Generation\newforest\Release\newForest.exp
H:\CS334\trunk\Forest Generation\newforest\Release\newForest.lib
H:\CS334\TRUNK\FOREST GENERATION\NEWFOREST\RELEASE\NEWFOREST.PDB
