Build started 11/4/2013 11:05:26 AM.
     1>Project "H:\CS334\trunk\CS334 asgn 4 parser\CS334 asgn 4 parser\CS334 asgn 4 parser.vcxproj" on node 2 (build target(s)).
     1>InitializeBuildStatus:
         Touching "Debug\CS334 asgn 4 parser.unsuccessfulbuild".
       ClCompile:
         c:\Program Files (x86)\Microsoft Visual Studio 10.0\VC\bin\CL.exe /c /ZI /nologo /W3 /WX- /Od /Oy- /D _MBCS /Gm /EHsc /RTC1 /MDd /GS /fp:precise /Zc:wchar_t /Zc:forScope /Fo"Debug\\" /Fd"Debug\vc100.pdb" /Gd /TP /analyze- /errorReport:prompt parser.cpp
         parser.cpp
     1>h:\cs334\trunk\cs334 asgn 4 parser\cs334 asgn 4 parser\parser.cpp(86): warning C4018: '>' : signed/unsigned mismatch
       Link:
         c:\Program Files (x86)\Microsoft Visual Studio 10.0\VC\bin\link.exe /ERRORREPORT:PROMPT /OUT:"H:\CS334\trunk\CS334 asgn 4 parser\Debug\CS334 asgn 4 parser.exe" /NOLOGO kernel32.lib user32.lib gdi32.lib winspool.lib comdlg32.lib advapi32.lib shell32.lib ole32.lib oleaut32.lib uuid.lib odbc32.lib odbccp32.lib /MANIFEST /ManifestFile:"Debug\CS334 asgn 4 parser.exe.intermediate.manifest" /MANIFESTUAC:"level='asInvoker' uiAccess='false'" /DEBUG /PDB:"H:\CS334\trunk\CS334 asgn 4 parser\Debug\CS334 asgn 4 parser.pdb" /TLBID:1 /DYNAMICBASE /NXCOMPAT /IMPLIB:"H:\CS334\trunk\CS334 asgn 4 parser\Debug\CS334 asgn 4 parser.lib" /MACHINE:X86 Debug\parser.obj
         LINK : H:\CS334\trunk\CS334 asgn 4 parser\Debug\CS334 asgn 4 parser.exe not found or not built by the last incremental link; performing full link
         CS334 asgn 4 parser.vcxproj -> H:\CS334\trunk\CS334 asgn 4 parser\Debug\CS334 asgn 4 parser.exe
       Manifest:
         C:\Program Files (x86)\Microsoft SDKs\Windows\v7.0A\bin\mt.exe /nologo /verbose /outputresource:"H:\CS334\trunk\CS334 asgn 4 parser\Debug\CS334 asgn 4 parser.exe;#1" /manifest "Debug\CS334 asgn 4 parser.exe.intermediate.manifest"
       FinalizeBuildStatus:
         Deleting file "Debug\CS334 asgn 4 parser.unsuccessfulbuild".
         Touching "Debug\CS334 asgn 4 parser.lastbuildstate".
     1>Done Building Project "H:\CS334\trunk\CS334 asgn 4 parser\CS334 asgn 4 parser\CS334 asgn 4 parser.vcxproj" (build target(s)).

Build succeeded.

Time Elapsed 00:00:02.07
