C:\USERS\TWOLVERT\DESKTOP\ASGN-1\DEBUG\ASGN-1.EXE
C:\USERS\TWOLVERT\DESKTOP\ASGN-1\DEBUG\ASGN-1.EXE.INTERMEDIATE.MANIFEST
C:\Users\twolvert\Desktop\asgn-1\Debug\asgn-1.exp
C:\Users\twolvert\Desktop\asgn-1\Debug\asgn-1.lib
C:\USERS\TWOLVERT\DESKTOP\ASGN-1\DEBUG\ASGN-1.PDB
C:\Users\twolvert\Desktop\asgn-1\Debug\asgn-1.write.1.tlog
C:\USERS\TWOLVERT\DESKTOP\ASGN-1\DEBUG\ASGN1-MAIN.OBJ
C:\Users\twolvert\Desktop\asgn-1\Debug\cl.command.1.tlog
C:\Users\twolvert\Desktop\asgn-1\Debug\CL.read.1.tlog
C:\Users\twolvert\Desktop\asgn-1\Debug\CL.write.1.tlog
C:\Users\twolvert\Desktop\asgn-1\Debug\link.command.1.tlog
C:\Users\twolvert\Desktop\asgn-1\Debug\link.read.1.tlog
C:\Users\twolvert\Desktop\asgn-1\Debug\link.write.1.tlog
C:\Users\twolvert\Desktop\asgn-1\Debug\link-cvtres.read.1.tlog
C:\Users\twolvert\Desktop\asgn-1\Debug\link-cvtres.write.1.tlog
C:\Users\twolvert\Desktop\asgn-1\Debug\mt.command.1.tlog
C:\Users\twolvert\Desktop\asgn-1\Debug\mt.read.1.tlog
C:\Users\twolvert\Desktop\asgn-1\Debug\mt.write.1.tlog
C:\Users\twolvert\Desktop\asgn-1\Debug\rc.command.1.tlog
C:\Users\twolvert\Desktop\asgn-1\Debug\rc.read.1.tlog
C:\Users\twolvert\Desktop\asgn-1\Debug\rc.write.1.tlog
C:\USERS\TWOLVERT\DESKTOP\ASGN-1\DEBUG\RESOURCES.RES
C:\Users\twolvert\Desktop\asgn-1\Debug\vc100.idb
C:\USERS\TWOLVERT\DESKTOP\ASGN-1\DEBUG\VC100.PDB
