Build started 12/4/2013 4:21:24 PM.
     1>Project "H:\CS334\trunk\Forest Generation\Terrain Generator\Terrain Generator.vcxproj" on node 2 (build target(s)).
     1>InitializeBuildStatus:
         Creating "Debug\Terrain Generator.unsuccessfulbuild" because "AlwaysCreate" was specified.
       ClCompile:
         c:\Program Files (x86)\Microsoft Visual Studio 10.0\VC\bin\CL.exe /c /ZI /nologo /W3 /WX- /Od /Oy- /D _MBCS /Gm /EHsc /RTC1 /MDd /GS /fp:precise /Zc:wchar_t /Zc:forScope /Fo"Debug\\" /Fd"Debug\vc100.pdb" /Gd /TP /analyze- /errorReport:prompt TerrainGenerator.cpp main.cpp
         main.cpp
         TerrainGenerator.cpp
     1>h:\cs334\trunk\forest generation\terrain generator\terraingenerator.cpp(10): warning C4244: '=' : conversion from 'double' to 'float', possible loss of data
     1>h:\cs334\trunk\forest generation\terrain generator\terraingenerator.cpp(21): warning C4244: 'argument' : conversion from 'time_t' to 'unsigned int', possible loss of data
         Generating Code...
       Link:
         c:\Program Files (x86)\Microsoft Visual Studio 10.0\VC\bin\link.exe /ERRORREPORT:PROMPT /OUT:"H:\CS334\trunk\Forest Generation\Terrain Generator\Debug\Terrain Generator.exe" /NOLOGO kernel32.lib user32.lib gdi32.lib winspool.lib comdlg32.lib advapi32.lib shell32.lib ole32.lib oleaut32.lib uuid.lib odbc32.lib odbccp32.lib /MANIFEST /ManifestFile:"Debug\Terrain Generator.exe.intermediate.manifest" /MANIFESTUAC:"level='asInvoker' uiAccess='false'" /DEBUG /PDB:"H:\CS334\trunk\Forest Generation\Terrain Generator\Debug\Terrain Generator.pdb" /TLBID:1 /DYNAMICBASE /NXCOMPAT /IMPLIB:"H:\CS334\trunk\Forest Generation\Terrain Generator\Debug\Terrain Generator.lib" /MACHINE:X86 Debug\main.obj
         Debug\SimplexNoise.obj
         Debug\TerrainGenerator.obj
         LINK : H:\CS334\trunk\Forest Generation\Terrain Generator\Debug\Terrain Generator.exe not found or not built by the last incremental link; performing full link
         Terrain Generator.vcxproj -> H:\CS334\trunk\Forest Generation\Terrain Generator\Debug\Terrain Generator.exe
       Manifest:
         C:\Program Files (x86)\Microsoft SDKs\Windows\v7.0A\bin\mt.exe /nologo /verbose /outputresource:"H:\CS334\trunk\Forest Generation\Terrain Generator\Debug\Terrain Generator.exe;#1" /manifest "Debug\Terrain Generator.exe.intermediate.manifest"
       FinalizeBuildStatus:
         Deleting file "Debug\Terrain Generator.unsuccessfulbuild".
         Touching "Debug\Terrain Generator.lastbuildstate".
     1>Done Building Project "H:\CS334\trunk\Forest Generation\Terrain Generator\Terrain Generator.vcxproj" (build target(s)).

Build succeeded.

Time Elapsed 00:00:02.73
