Build started 12/5/2013 11:17:46 PM.
     1>Project "C:\Users\Ricky\Dropbox\Forests\Terrain Generator\Terrain Generator.vcxproj" on node 2 (build target(s)).
     1>InitializeBuildStatus:
         Creating "Release\Terrain Generator.unsuccessfulbuild" because "AlwaysCreate" was specified.
       ClCompile:
         c:\Program Files (x86)\Microsoft Visual Studio 10.0\VC\bin\CL.exe /c /Zi /nologo /W3 /WX- /O2 /Oi /Oy- /GL /D _MBCS /Gm- /EHsc /MD /GS /Gy /fp:precise /Zc:wchar_t /Zc:forScope /Fo"Release\\" /Fd"Release\vc100.pdb" /Gd /TP /analyze- /errorReport:prompt TerrainGenerator.cpp
         TerrainGenerator.cpp
     1>TerrainGenerator.cpp(10): warning C4244: '=' : conversion from 'double' to 'float', possible loss of data
     1>TerrainGenerator.cpp(21): warning C4244: 'argument' : conversion from 'time_t' to 'unsigned int', possible loss of data
       Link:
         c:\Program Files (x86)\Microsoft Visual Studio 10.0\VC\bin\link.exe /ERRORREPORT:PROMPT /OUT:"C:\Users\Ricky\Dropbox\Forests\Terrain Generator\Release\Terrain Generator.exe" /NOLOGO kernel32.lib user32.lib gdi32.lib winspool.lib comdlg32.lib advapi32.lib shell32.lib ole32.lib oleaut32.lib uuid.lib odbc32.lib odbccp32.lib /MANIFEST /ManifestFile:"Release\Terrain Generator.exe.intermediate.manifest" /MANIFESTUAC:"level='asInvoker' uiAccess='false'" /DEBUG /PDB:"C:\Users\Ricky\Dropbox\Forests\Terrain Generator\Release\Terrain Generator.pdb" /OPT:REF /OPT:ICF /LTCG /TLBID:1 /DYNAMICBASE /NXCOMPAT /IMPLIB:"C:\Users\Ricky\Dropbox\Forests\Terrain Generator\Release\Terrain Generator.lib" /MACHINE:X86 Release\main.obj
         Release\SimplexNoise.obj
         Release\TerrainGenerator.obj
         Generating code
         Finished generating code
         Terrain Generator.vcxproj -> C:\Users\Ricky\Dropbox\Forests\Terrain Generator\Release\Terrain Generator.exe
       Manifest:
         C:\Program Files (x86)\Microsoft SDKs\Windows\v7.0A\bin\mt.exe /nologo /verbose /outputresource:"C:\Users\Ricky\Dropbox\Forests\Terrain Generator\Release\Terrain Generator.exe;#1" /manifest "Release\Terrain Generator.exe.intermediate.manifest"
       FinalizeBuildStatus:
         Deleting file "Release\Terrain Generator.unsuccessfulbuild".
         Touching "Release\Terrain Generator.lastbuildstate".
     1>Done Building Project "C:\Users\Ricky\Dropbox\Forests\Terrain Generator\Terrain Generator.vcxproj" (build target(s)).

Build succeeded.

Time Elapsed 00:00:01.91
